{"/home/ced/WebProjects/todo_list/todo_list/src/modules/task.js": {"path":"/home/ced/WebProjects/todo_list/todo_list/src/modules/task.js","statementMap":{"0":{"start":{"line":3,"column":4},"end":{"line":3,"column":23}},"1":{"start":{"line":4,"column":4},"end":{"line":4,"column":31}},"2":{"start":{"line":5,"column":4},"end":{"line":5,"column":35}}},"fnMap":{"0":{"name":"(anonymous_0)","decl":{"start":{"line":2,"column":2},"end":{"line":2,"column":3}},"loc":{"start":{"line":2,"column":45},"end":{"line":6,"column":3}},"line":2}},"branchMap":{},"s":{"0":4,"1":4,"2":4},"f":{"0":4},"b":{},"_coverageSchema":"1a1c01bbd47fc00a2c39e90264f33305004495a9","hash":"8d7dc165ddded7f1f06b4cce73146fcc1252f9e8"}
}
